0 info it worked if it ends with ok
1 verbose cli [ 'node', '/usr/local/bin/npm', 'install' ]
2 info using npm@1.4.3
3 info using node@v0.10.26
4 warn package.json 2d-matrix-grid@0.1.0 No repository field.
5 verbose readDependencies using package.json deps
6 verbose install where, deps [ '/Users/kcorkan/apps/apps-2015/2d-matrix-grid',
6 verbose install   [ 'grunt',
6 verbose install     'grunt-cli',
6 verbose install     'grunt-contrib-jasmine',
6 verbose install     'grunt-templater',
6 verbose install     'underscore',
6 verbose install     'grunt-contrib-uglify' ] ]
7 info preinstall 2d-matrix-grid@0.1.0
8 verbose readDependencies using package.json deps
9 verbose cache add [ 'grunt-contrib-jasmine@~0.5.2', null ]
10 verbose cache add name=undefined spec="grunt-contrib-jasmine@~0.5.2" args=["grunt-contrib-jasmine@~0.5.2",null]
11 verbose parsed url { protocol: null,
11 verbose parsed url   slashes: null,
11 verbose parsed url   auth: null,
11 verbose parsed url   host: null,
11 verbose parsed url   port: null,
11 verbose parsed url   hostname: null,
11 verbose parsed url   hash: null,
11 verbose parsed url   search: null,
11 verbose parsed url   query: null,
11 verbose parsed url   pathname: 'grunt-contrib-jasmine@~0.5.2',
11 verbose parsed url   path: 'grunt-contrib-jasmine@~0.5.2',
11 verbose parsed url   href: 'grunt-contrib-jasmine@~0.5.2' }
12 verbose cache add name="grunt-contrib-jasmine" spec="~0.5.2" args=["grunt-contrib-jasmine","~0.5.2"]
13 verbose parsed url { protocol: null,
13 verbose parsed url   slashes: null,
13 verbose parsed url   auth: null,
13 verbose parsed url   host: null,
13 verbose parsed url   port: null,
13 verbose parsed url   hostname: null,
13 verbose parsed url   hash: null,
13 verbose parsed url   search: null,
13 verbose parsed url   query: null,
13 verbose parsed url   pathname: '~0.5.2',
13 verbose parsed url   path: '~0.5.2',
13 verbose parsed url   href: '~0.5.2' }
14 verbose addNamed [ 'grunt-contrib-jasmine', '~0.5.2' ]
15 verbose addNamed [ null, '>=0.5.2-0 <0.6.0-0' ]
16 verbose cache add [ 'underscore@1.4.4', null ]
17 verbose cache add name=undefined spec="underscore@1.4.4" args=["underscore@1.4.4",null]
18 verbose parsed url { protocol: null,
18 verbose parsed url   slashes: null,
18 verbose parsed url   auth: null,
18 verbose parsed url   host: null,
18 verbose parsed url   port: null,
18 verbose parsed url   hostname: null,
18 verbose parsed url   hash: null,
18 verbose parsed url   search: null,
18 verbose parsed url   query: null,
18 verbose parsed url   pathname: 'underscore@1.4.4',
18 verbose parsed url   path: 'underscore@1.4.4',
18 verbose parsed url   href: 'underscore@1.4.4' }
19 verbose cache add name="underscore" spec="1.4.4" args=["underscore","1.4.4"]
20 verbose parsed url { protocol: null,
20 verbose parsed url   slashes: null,
20 verbose parsed url   auth: null,
20 verbose parsed url   host: null,
20 verbose parsed url   port: null,
20 verbose parsed url   hostname: null,
20 verbose parsed url   hash: null,
20 verbose parsed url   search: null,
20 verbose parsed url   query: null,
20 verbose parsed url   pathname: '1.4.4',
20 verbose parsed url   path: '1.4.4',
20 verbose parsed url   href: '1.4.4' }
21 verbose addNamed [ 'underscore', '1.4.4' ]
22 verbose addNamed [ '1.4.4', '1.4.4' ]
23 verbose cache add [ 'grunt-templater@git://github.com/rockwood/grunt-templater.git',
23 verbose cache add   null ]
24 verbose cache add name=undefined spec="grunt-templater@git://github.com/rockwood/grunt-templater.git" args=["grunt-templater@git://github.com/rockwood/grunt-templater.git",null]
25 verbose parsed url { protocol: null,
25 verbose parsed url   slashes: null,
25 verbose parsed url   auth: null,
25 verbose parsed url   host: null,
25 verbose parsed url   port: null,
25 verbose parsed url   hostname: null,
25 verbose parsed url   hash: null,
25 verbose parsed url   search: null,
25 verbose parsed url   query: null,
25 verbose parsed url   pathname: 'grunt-templater@git://github.com/rockwood/grunt-templater.git',
25 verbose parsed url   path: 'grunt-templater@git://github.com/rockwood/grunt-templater.git',
25 verbose parsed url   href: 'grunt-templater@git://github.com/rockwood/grunt-templater.git' }
26 verbose cache add [ 'grunt-contrib-uglify@0.3.2', null ]
27 verbose cache add name=undefined spec="grunt-contrib-uglify@0.3.2" args=["grunt-contrib-uglify@0.3.2",null]
28 verbose parsed url { protocol: null,
28 verbose parsed url   slashes: null,
28 verbose parsed url   auth: null,
28 verbose parsed url   host: null,
28 verbose parsed url   port: null,
28 verbose parsed url   hostname: null,
28 verbose parsed url   hash: null,
28 verbose parsed url   search: null,
28 verbose parsed url   query: null,
28 verbose parsed url   pathname: 'grunt-contrib-uglify@0.3.2',
28 verbose parsed url   path: 'grunt-contrib-uglify@0.3.2',
28 verbose parsed url   href: 'grunt-contrib-uglify@0.3.2' }
29 verbose cache add name="grunt-contrib-uglify" spec="0.3.2" args=["grunt-contrib-uglify","0.3.2"]
30 verbose parsed url { protocol: null,
30 verbose parsed url   slashes: null,
30 verbose parsed url   auth: null,
30 verbose parsed url   host: null,
30 verbose parsed url   port: null,
30 verbose parsed url   hostname: null,
30 verbose parsed url   hash: null,
30 verbose parsed url   search: null,
30 verbose parsed url   query: null,
30 verbose parsed url   pathname: '0.3.2',
30 verbose parsed url   path: '0.3.2',
30 verbose parsed url   href: '0.3.2' }
31 verbose addNamed [ 'grunt-contrib-uglify', '0.3.2' ]
32 verbose addNamed [ '0.3.2', '0.3.2' ]
33 silly lockFile ccb1ef19-grunt-contrib-jasmine-0-5-2 grunt-contrib-jasmine@~0.5.2
34 verbose lock grunt-contrib-jasmine@~0.5.2 /Users/kcorkan/.npm/ccb1ef19-grunt-contrib-jasmine-0-5-2.lock
35 silly lockFile c6b5e825-underscore-1-4-4 underscore@1.4.4
36 verbose lock underscore@1.4.4 /Users/kcorkan/.npm/c6b5e825-underscore-1-4-4.lock
37 verbose cache add name="grunt-templater" spec="git://github.com/rockwood/grunt-templater.git" args=["grunt-templater","git://github.com/rockwood/grunt-templater.git"]
38 verbose parsed url { protocol: 'git:',
38 verbose parsed url   slashes: true,
38 verbose parsed url   auth: null,
38 verbose parsed url   host: 'github.com',
38 verbose parsed url   port: null,
38 verbose parsed url   hostname: 'github.com',
38 verbose parsed url   hash: null,
38 verbose parsed url   search: null,
38 verbose parsed url   query: null,
38 verbose parsed url   pathname: '/rockwood/grunt-templater.git',
38 verbose parsed url   path: '/rockwood/grunt-templater.git',
38 verbose parsed url   href: 'git://github.com/rockwood/grunt-templater.git' }
39 silly lockFile e646b1ec-com-rockwood-grunt-templater-git git://github.com/rockwood/grunt-templater.git
40 verbose lock git://github.com/rockwood/grunt-templater.git /Users/kcorkan/.npm/e646b1ec-com-rockwood-grunt-templater-git.lock
41 verbose cache add [ 'grunt@~0.4.1', null ]
42 verbose cache add name=undefined spec="grunt@~0.4.1" args=["grunt@~0.4.1",null]
43 verbose parsed url { protocol: null,
43 verbose parsed url   slashes: null,
43 verbose parsed url   auth: null,
43 verbose parsed url   host: null,
43 verbose parsed url   port: null,
43 verbose parsed url   hostname: null,
43 verbose parsed url   hash: null,
43 verbose parsed url   search: null,
43 verbose parsed url   query: null,
43 verbose parsed url   pathname: 'grunt@~0.4.1',
43 verbose parsed url   path: 'grunt@~0.4.1',
43 verbose parsed url   href: 'grunt@~0.4.1' }
44 verbose cache add name="grunt" spec="~0.4.1" args=["grunt","~0.4.1"]
45 verbose parsed url { protocol: null,
45 verbose parsed url   slashes: null,
45 verbose parsed url   auth: null,
45 verbose parsed url   host: null,
45 verbose parsed url   port: null,
45 verbose parsed url   hostname: null,
45 verbose parsed url   hash: null,
45 verbose parsed url   search: null,
45 verbose parsed url   query: null,
45 verbose parsed url   pathname: '~0.4.1',
45 verbose parsed url   path: '~0.4.1',
45 verbose parsed url   href: '~0.4.1' }
46 verbose addNamed [ 'grunt', '~0.4.1' ]
47 verbose addNamed [ null, '>=0.4.1-0 <0.5.0-0' ]
48 silly lockFile 766a3bd3-grunt-0-4-1 grunt@~0.4.1
49 verbose lock grunt@~0.4.1 /Users/kcorkan/.npm/766a3bd3-grunt-0-4-1.lock
50 verbose cache add [ 'grunt-cli@0.1.6', null ]
51 verbose cache add name=undefined spec="grunt-cli@0.1.6" args=["grunt-cli@0.1.6",null]
52 verbose parsed url { protocol: null,
52 verbose parsed url   slashes: null,
52 verbose parsed url   auth: null,
52 verbose parsed url   host: null,
52 verbose parsed url   port: null,
52 verbose parsed url   hostname: null,
52 verbose parsed url   hash: null,
52 verbose parsed url   search: null,
52 verbose parsed url   query: null,
52 verbose parsed url   pathname: 'grunt-cli@0.1.6',
52 verbose parsed url   path: 'grunt-cli@0.1.6',
52 verbose parsed url   href: 'grunt-cli@0.1.6' }
53 verbose cache add name="grunt-cli" spec="0.1.6" args=["grunt-cli","0.1.6"]
54 verbose parsed url { protocol: null,
54 verbose parsed url   slashes: null,
54 verbose parsed url   auth: null,
54 verbose parsed url   host: null,
54 verbose parsed url   port: null,
54 verbose parsed url   hostname: null,
54 verbose parsed url   hash: null,
54 verbose parsed url   search: null,
54 verbose parsed url   query: null,
54 verbose parsed url   pathname: '0.1.6',
54 verbose parsed url   path: '0.1.6',
54 verbose parsed url   href: '0.1.6' }
55 verbose addNamed [ 'grunt-cli', '0.1.6' ]
56 verbose addNamed [ '0.1.6', '0.1.6' ]
57 silly lockFile dc8a40ae-grunt-cli-0-1-6 grunt-cli@0.1.6
58 verbose lock grunt-cli@0.1.6 /Users/kcorkan/.npm/dc8a40ae-grunt-cli-0-1-6.lock
59 silly lockFile 9a3ea55c-grunt-contrib-uglify-0-3-2 grunt-contrib-uglify@0.3.2
60 verbose lock grunt-contrib-uglify@0.3.2 /Users/kcorkan/.npm/9a3ea55c-grunt-contrib-uglify-0-3-2.lock
61 silly addNameRange { name: 'grunt-contrib-jasmine',
61 silly addNameRange   range: '>=0.5.2-0 <0.6.0-0',
61 silly addNameRange   hasData: false }
62 verbose addRemoteGit [ 'git://github.com/rockwood/grunt-templater.git', 'master' ]
63 silly addNameRange { name: 'grunt', range: '>=0.4.1-0 <0.5.0-0', hasData: false }
64 verbose url raw underscore/1.4.4
65 verbose url resolving [ 'https://registry.npmjs.org/', './underscore/1.4.4' ]
66 verbose url resolved https://registry.npmjs.org/underscore/1.4.4
67 info trying registry request attempt 1 at 09:58:44
68 verbose etag "CJ8R9PDKZ7HTCG4B6CM0T1M6K"
69 http GET https://registry.npmjs.org/underscore/1.4.4
70 verbose url raw grunt-cli/0.1.6
71 verbose url resolving [ 'https://registry.npmjs.org/', './grunt-cli/0.1.6' ]
72 verbose url resolved https://registry.npmjs.org/grunt-cli/0.1.6
73 info trying registry request attempt 1 at 09:58:44
74 verbose etag "BIDS4EZDB37LG3QI4NHC4T8T5"
75 http GET https://registry.npmjs.org/grunt-cli/0.1.6
76 verbose git remote.origin.url git://github.com/rockwood/grunt-templater.git
77 verbose url raw grunt-contrib-uglify/0.3.2
78 verbose url resolving [ 'https://registry.npmjs.org/',
78 verbose url resolving   './grunt-contrib-uglify/0.3.2' ]
79 verbose url resolved https://registry.npmjs.org/grunt-contrib-uglify/0.3.2
80 info trying registry request attempt 1 at 09:58:44
81 verbose etag "5KT7I7JLPZBKJ2O9ODS4R7SNQ"
82 http GET https://registry.npmjs.org/grunt-contrib-uglify/0.3.2
83 verbose url raw grunt-contrib-jasmine
84 verbose url resolving [ 'https://registry.npmjs.org/', './grunt-contrib-jasmine' ]
85 verbose url resolved https://registry.npmjs.org/grunt-contrib-jasmine
86 info trying registry request attempt 1 at 09:58:44
87 verbose etag "94Y86BK928LJHOYWDZXUC0CUV"
88 http GET https://registry.npmjs.org/grunt-contrib-jasmine
89 verbose url raw grunt
90 verbose url resolving [ 'https://registry.npmjs.org/', './grunt' ]
91 verbose url resolved https://registry.npmjs.org/grunt
92 info trying registry request attempt 1 at 09:58:44
93 verbose etag "93CFPAE250IAXNAQDWPL480JC"
94 http GET https://registry.npmjs.org/grunt
95 http 304 https://registry.npmjs.org/grunt-contrib-jasmine
96 silly registry.get cb [ 304,
96 silly registry.get   { date: 'Tue, 15 Dec 2015 15:58:18 GMT',
96 silly registry.get     via: '1.1 varnish',
96 silly registry.get     'cache-control': 'max-age=300',
96 silly registry.get     etag: '"94Y86BK928LJHOYWDZXUC0CUV"',
96 silly registry.get     age: '205',
96 silly registry.get     connection: 'keep-alive',
96 silly registry.get     'x-served-by': 'cache-dfw1835-DFW',
96 silly registry.get     'x-cache': 'HIT',
96 silly registry.get     'x-cache-hits': '1',
96 silly registry.get     'x-timer': 'S1450195098.102187,VS0,VE0',
96 silly registry.get     vary: 'Accept' } ]
97 verbose etag grunt-contrib-jasmine from cache
98 silly addNameRange number 2 { name: 'grunt-contrib-jasmine',
98 silly addNameRange   range: '>=0.5.2-0 <0.6.0-0',
98 silly addNameRange   hasData: true }
99 silly addNameRange versions [ 'grunt-contrib-jasmine',
99 silly addNameRange   [ '0.1.0',
99 silly addNameRange     '0.1.1',
99 silly addNameRange     '0.2.0',
99 silly addNameRange     '0.3.1',
99 silly addNameRange     '0.3.2',
99 silly addNameRange     '0.3.3',
99 silly addNameRange     '0.4.0',
99 silly addNameRange     '0.4.1',
99 silly addNameRange     '0.4.2',
99 silly addNameRange     '0.5.0',
99 silly addNameRange     '0.5.1',
99 silly addNameRange     '0.5.2',
99 silly addNameRange     '0.3.0-rc5',
99 silly addNameRange     '0.3.0-rc7',
99 silly addNameRange     '0.3.1-rc7',
99 silly addNameRange     '0.6.0',
99 silly addNameRange     '0.6.1',
99 silly addNameRange     '0.5.3',
99 silly addNameRange     '0.6.2',
99 silly addNameRange     '0.6.3',
99 silly addNameRange     '0.6.4',
99 silly addNameRange     '0.6.5',
99 silly addNameRange     '0.7.0',
99 silly addNameRange     '0.8.0',
99 silly addNameRange     '0.8.1',
99 silly addNameRange     '0.8.2',
99 silly addNameRange     '0.9.0',
99 silly addNameRange     '0.9.1',
99 silly addNameRange     '0.9.2' ] ]
100 verbose addNamed [ 'grunt-contrib-jasmine', '0.5.3' ]
101 verbose addNamed [ '0.5.3', '0.5.3' ]
102 silly lockFile 7b3f67ed-grunt-contrib-jasmine-0-5-3 grunt-contrib-jasmine@0.5.3
103 verbose lock grunt-contrib-jasmine@0.5.3 /Users/kcorkan/.npm/7b3f67ed-grunt-contrib-jasmine-0-5-3.lock
104 http 200 https://registry.npmjs.org/grunt-cli/0.1.6
105 silly registry.get cb [ 200,
105 silly registry.get   { server: 'CouchDB/1.5.0 (Erlang OTP/R16B03)',
105 silly registry.get     etag: '"4TGPH36AIB8X5J1BEE1K0EX7T"',
105 silly registry.get     'content-type': 'application/json',
105 silly registry.get     'cache-control': 'max-age=300',
105 silly registry.get     'content-length': '1159',
105 silly registry.get     'accept-ranges': 'bytes',
105 silly registry.get     date: 'Tue, 15 Dec 2015 15:58:18 GMT',
105 silly registry.get     via: '1.1 varnish',
105 silly registry.get     age: '0',
105 silly registry.get     connection: 'keep-alive',
105 silly registry.get     'x-served-by': 'cache-dfw1835-DFW',
105 silly registry.get     'x-cache': 'MISS',
105 silly registry.get     'x-cache-hits': '0',
105 silly registry.get     'x-timer': 'S1450195098.099061,VS0,VE54',
105 silly registry.get     vary: 'Accept' } ]
106 silly lockFile c8f06e91-rg-grunt-cli-grunt-cli-0-1-6-tgz https://registry.npmjs.org/grunt-cli/-/grunt-cli-0.1.6.tgz
107 verbose lock https://registry.npmjs.org/grunt-cli/-/grunt-cli-0.1.6.tgz /Users/kcorkan/.npm/c8f06e91-rg-grunt-cli-grunt-cli-0-1-6-tgz.lock
108 verbose addRemoteTarball [ 'https://registry.npmjs.org/grunt-cli/-/grunt-cli-0.1.6.tgz',
108 verbose addRemoteTarball   'fd541b4ed908215229f8444e73e18cdbb626f413' ]
109 http 200 https://registry.npmjs.org/grunt-contrib-uglify/0.3.2
110 silly registry.get cb [ 200,
110 silly registry.get   { server: 'CouchDB/1.5.0 (Erlang OTP/R16B03)',
110 silly registry.get     etag: '"8G1M9EXOBZV9OQK2KIQ0OUDTV"',
110 silly registry.get     'content-type': 'application/json',
110 silly registry.get     'cache-control': 'max-age=300',
110 silly registry.get     'content-length': '1255',
110 silly registry.get     'accept-ranges': 'bytes',
110 silly registry.get     date: 'Tue, 15 Dec 2015 15:58:18 GMT',
110 silly registry.get     via: '1.1 varnish',
110 silly registry.get     age: '0',
110 silly registry.get     connection: 'keep-alive',
110 silly registry.get     'x-served-by': 'cache-dfw1821-DFW',
110 silly registry.get     'x-cache': 'MISS',
110 silly registry.get     'x-cache-hits': '0',
110 silly registry.get     'x-timer': 'S1450195098.096722,VS0,VE62',
110 silly registry.get     vary: 'Accept' } ]
111 info retry fetch attempt 1 at 09:58:44
112 verbose fetch to= /var/folders/wb/cw3qw7w16sx0k4h0qxwq0cr0lr0956/T/npm-5205-_Uogkz1r/1450195124911-0.14912127330899239/tmp.tgz
113 http GET https://registry.npmjs.org/grunt-cli/-/grunt-cli-0.1.6.tgz
114 silly lockFile f9eaf965-y-grunt-contrib-uglify-0-3-2-tgz https://registry.npmjs.org/grunt-contrib-uglify/-/grunt-contrib-uglify-0.3.2.tgz
115 verbose lock https://registry.npmjs.org/grunt-contrib-uglify/-/grunt-contrib-uglify-0.3.2.tgz /Users/kcorkan/.npm/f9eaf965-y-grunt-contrib-uglify-0-3-2-tgz.lock
116 verbose addRemoteTarball [ 'https://registry.npmjs.org/grunt-contrib-uglify/-/grunt-contrib-uglify-0.3.2.tgz',
116 verbose addRemoteTarball   '865b00ae0d11d1f5fafca3967c9b099f8929684b' ]
117 silly lockFile 7b3f67ed-grunt-contrib-jasmine-0-5-3 grunt-contrib-jasmine@0.5.3
118 silly lockFile 7b3f67ed-grunt-contrib-jasmine-0-5-3 grunt-contrib-jasmine@0.5.3
119 info retry fetch attempt 1 at 09:58:44
120 verbose fetch to= /var/folders/wb/cw3qw7w16sx0k4h0qxwq0cr0lr0956/T/npm-5205-_Uogkz1r/1450195124918-0.29944519186392426/tmp.tgz
121 silly lockFile ccb1ef19-grunt-contrib-jasmine-0-5-2 grunt-contrib-jasmine@~0.5.2
122 silly lockFile ccb1ef19-grunt-contrib-jasmine-0-5-2 grunt-contrib-jasmine@~0.5.2
123 http GET https://registry.npmjs.org/grunt-contrib-uglify/-/grunt-contrib-uglify-0.3.2.tgz
124 http 200 https://registry.npmjs.org/grunt
125 silly registry.get cb [ 200,
125 silly registry.get   { server: 'CouchDB/1.5.0 (Erlang OTP/R16B03)',
125 silly registry.get     etag: '"ERS3UU7BT3PALZWF348HDR5C2"',
125 silly registry.get     'content-type': 'application/json',
125 silly registry.get     'cache-control': 'max-age=300',
125 silly registry.get     'content-length': '90907',
125 silly registry.get     'accept-ranges': 'bytes',
125 silly registry.get     date: 'Tue, 15 Dec 2015 15:58:18 GMT',
125 silly registry.get     via: '1.1 varnish',
125 silly registry.get     age: '0',
125 silly registry.get     connection: 'keep-alive',
125 silly registry.get     'x-served-by': 'cache-dfw1830-DFW',
125 silly registry.get     'x-cache': 'HIT',
125 silly registry.get     'x-cache-hits': '1',
125 silly registry.get     'x-timer': 'S1450195098.100517,VS0,VE50',
125 silly registry.get     vary: 'Accept' } ]
126 silly addNameRange number 2 { name: 'grunt', range: '>=0.4.1-0 <0.5.0-0', hasData: true }
127 silly addNameRange versions [ 'grunt',
127 silly addNameRange   [ '0.1.0',
127 silly addNameRange     '0.1.1',
127 silly addNameRange     '0.1.2',
127 silly addNameRange     '0.2.0',
127 silly addNameRange     '0.2.1',
127 silly addNameRange     '0.2.2',
127 silly addNameRange     '0.2.3',
127 silly addNameRange     '0.2.4',
127 silly addNameRange     '0.2.5',
127 silly addNameRange     '0.2.6',
127 silly addNameRange     '0.2.7',
127 silly addNameRange     '0.2.8',
127 silly addNameRange     '0.2.9',
127 silly addNameRange     '0.2.10',
127 silly addNameRange     '0.2.11',
127 silly addNameRange     '0.2.12',
127 silly addNameRange     '0.2.13',
127 silly addNameRange     '0.2.14',
127 silly addNameRange     '0.2.15',
127 silly addNameRange     '0.3.0',
127 silly addNameRange     '0.3.1',
127 silly addNameRange     '0.3.2',
127 silly addNameRange     '0.3.3',
127 silly addNameRange     '0.3.4',
127 silly addNameRange     '0.3.5',
127 silly addNameRange     '0.3.6',
127 silly addNameRange     '0.3.7',
127 silly addNameRange     '0.3.8',
127 silly addNameRange     '0.3.9',
127 silly addNameRange     '0.3.10',
127 silly addNameRange     '0.3.11',
127 silly addNameRange     '0.3.12',
127 silly addNameRange     '0.3.13',
127 silly addNameRange     '0.3.14',
127 silly addNameRange     '0.3.15',
127 silly addNameRange     '0.3.16',
127 silly addNameRange     '0.3.17',
127 silly addNameRange     '0.4.0',
127 silly addNameRange     '0.4.1',
127 silly addNameRange     '0.4.2',
127 silly addNameRange     '0.4.3',
127 silly addNameRange     '0.4.4',
127 silly addNameRange     '0.4.5',
127 silly addNameRange     '0.3.13-a',
127 silly addNameRange     '0.4.0-a',
127 silly addNameRange     '0.4.0-rc1',
127 silly addNameRange     '0.4.0-rc2',
127 silly addNameRange     '0.4.0-rc3',
127 silly addNameRange     '0.4.0-rc4',
127 silly addNameRange     '0.4.0-rc5',
127 silly addNameRange     '0.4.0-rc6',
127 silly addNameRange     '0.4.0-rc7',
127 silly addNameRange     '0.4.0-rc8' ] ]
128 verbose addNamed [ 'grunt', '0.4.5' ]
129 verbose addNamed [ '0.4.5', '0.4.5' ]
130 silly lockFile 81abf7ad-grunt-0-4-5 grunt@0.4.5
131 verbose lock grunt@0.4.5 /Users/kcorkan/.npm/81abf7ad-grunt-0-4-5.lock
132 silly lockFile 81abf7ad-grunt-0-4-5 grunt@0.4.5
133 silly lockFile 81abf7ad-grunt-0-4-5 grunt@0.4.5
134 silly lockFile 766a3bd3-grunt-0-4-1 grunt@~0.4.1
135 silly lockFile 766a3bd3-grunt-0-4-1 grunt@~0.4.1
136 http 200 https://registry.npmjs.org/underscore/1.4.4
137 silly registry.get cb [ 200,
137 silly registry.get   { server: 'CouchDB/1.5.0 (Erlang OTP/R16B03)',
137 silly registry.get     etag: '"3R3N9AH0XX9L4M0CBNTFAKS8F"',
137 silly registry.get     'content-type': 'application/json',
137 silly registry.get     'cache-control': 'max-age=300',
137 silly registry.get     'content-length': '832',
137 silly registry.get     'accept-ranges': 'bytes',
137 silly registry.get     date: 'Tue, 15 Dec 2015 15:58:18 GMT',
137 silly registry.get     via: '1.1 varnish',
137 silly registry.get     age: '0',
137 silly registry.get     connection: 'keep-alive',
137 silly registry.get     'x-served-by': 'cache-dfw1833-DFW',
137 silly registry.get     'x-cache': 'MISS',
137 silly registry.get     'x-cache-hits': '0',
137 silly registry.get     'x-timer': 'S1450195098.104155,VS0,VE288',
137 silly registry.get     vary: 'Accept' } ]
138 silly lockFile 91efdde3--underscore-underscore-1-4-4-tgz https://registry.npmjs.org/underscore/-/underscore-1.4.4.tgz
139 verbose lock https://registry.npmjs.org/underscore/-/underscore-1.4.4.tgz /Users/kcorkan/.npm/91efdde3--underscore-underscore-1-4-4-tgz.lock
140 verbose addRemoteTarball [ 'https://registry.npmjs.org/underscore/-/underscore-1.4.4.tgz',
140 verbose addRemoteTarball   '61a6a32010622afa07963bf325203cf12239d604' ]
141 info retry fetch attempt 1 at 09:58:45
142 verbose fetch to= /var/folders/wb/cw3qw7w16sx0k4h0qxwq0cr0lr0956/T/npm-5205-_Uogkz1r/1450195125443-0.012653514510020614/tmp.tgz
143 http GET https://registry.npmjs.org/underscore/-/underscore-1.4.4.tgz
144 http 200 https://registry.npmjs.org/grunt-cli/-/grunt-cli-0.1.6.tgz
145 verbose tar unpack /var/folders/wb/cw3qw7w16sx0k4h0qxwq0cr0lr0956/T/npm-5205-_Uogkz1r/1450195124911-0.14912127330899239/tmp.tgz
146 silly lockFile 41fd15f5-4911-0-14912127330899239-package tar:///var/folders/wb/cw3qw7w16sx0k4h0qxwq0cr0lr0956/T/npm-5205-_Uogkz1r/1450195124911-0.14912127330899239/package
147 verbose lock tar:///var/folders/wb/cw3qw7w16sx0k4h0qxwq0cr0lr0956/T/npm-5205-_Uogkz1r/1450195124911-0.14912127330899239/package /Users/kcorkan/.npm/41fd15f5-4911-0-14912127330899239-package.lock
148 silly lockFile 0f85ef9b-4911-0-14912127330899239-tmp-tgz tar:///var/folders/wb/cw3qw7w16sx0k4h0qxwq0cr0lr0956/T/npm-5205-_Uogkz1r/1450195124911-0.14912127330899239/tmp.tgz
149 verbose lock tar:///var/folders/wb/cw3qw7w16sx0k4h0qxwq0cr0lr0956/T/npm-5205-_Uogkz1r/1450195124911-0.14912127330899239/tmp.tgz /Users/kcorkan/.npm/0f85ef9b-4911-0-14912127330899239-tmp-tgz.lock
150 silly gunzTarPerm modes [ '755', '644' ]
151 silly gunzTarPerm extractEntry package.json
152 silly gunzTarPerm extractEntry .npmignore
153 silly gunzTarPerm extractEntry README.md
154 silly gunzTarPerm extractEntry Gruntfile.js
155 silly gunzTarPerm extractEntry .travis.yml
156 silly gunzTarPerm extractEntry AUTHORS
157 silly gunzTarPerm extractEntry bin/grunt
158 silly gunzTarPerm extractEntry completion/bash
159 silly gunzTarPerm extractEntry lib/cli.js
160 silly gunzTarPerm extractEntry lib/completion.js
161 silly gunzTarPerm extractEntry lib/info.js
162 silly gunzTarPerm extractEntry LICENSE-MIT
163 silly lockFile 41fd15f5-4911-0-14912127330899239-package tar:///var/folders/wb/cw3qw7w16sx0k4h0qxwq0cr0lr0956/T/npm-5205-_Uogkz1r/1450195124911-0.14912127330899239/package
164 silly lockFile 41fd15f5-4911-0-14912127330899239-package tar:///var/folders/wb/cw3qw7w16sx0k4h0qxwq0cr0lr0956/T/npm-5205-_Uogkz1r/1450195124911-0.14912127330899239/package
165 silly lockFile 0f85ef9b-4911-0-14912127330899239-tmp-tgz tar:///var/folders/wb/cw3qw7w16sx0k4h0qxwq0cr0lr0956/T/npm-5205-_Uogkz1r/1450195124911-0.14912127330899239/tmp.tgz
166 silly lockFile 0f85ef9b-4911-0-14912127330899239-tmp-tgz tar:///var/folders/wb/cw3qw7w16sx0k4h0qxwq0cr0lr0956/T/npm-5205-_Uogkz1r/1450195124911-0.14912127330899239/tmp.tgz
167 verbose tar pack [ '/Users/kcorkan/.npm/grunt-cli/0.1.6/package.tgz',
167 verbose tar pack   '/var/folders/wb/cw3qw7w16sx0k4h0qxwq0cr0lr0956/T/npm-5205-_Uogkz1r/1450195124911-0.14912127330899239/package' ]
168 verbose tarball /Users/kcorkan/.npm/grunt-cli/0.1.6/package.tgz
169 verbose folder /var/folders/wb/cw3qw7w16sx0k4h0qxwq0cr0lr0956/T/npm-5205-_Uogkz1r/1450195124911-0.14912127330899239/package
170 silly lockFile 41fd15f5-4911-0-14912127330899239-package tar:///var/folders/wb/cw3qw7w16sx0k4h0qxwq0cr0lr0956/T/npm-5205-_Uogkz1r/1450195124911-0.14912127330899239/package
171 verbose lock tar:///var/folders/wb/cw3qw7w16sx0k4h0qxwq0cr0lr0956/T/npm-5205-_Uogkz1r/1450195124911-0.14912127330899239/package /Users/kcorkan/.npm/41fd15f5-4911-0-14912127330899239-package.lock
172 silly lockFile 4fe8b76b--npm-grunt-cli-0-1-6-package-tgz tar:///Users/kcorkan/.npm/grunt-cli/0.1.6/package.tgz
173 verbose lock tar:///Users/kcorkan/.npm/grunt-cli/0.1.6/package.tgz /Users/kcorkan/.npm/4fe8b76b--npm-grunt-cli-0-1-6-package-tgz.lock
174 http 200 https://registry.npmjs.org/underscore/-/underscore-1.4.4.tgz
175 silly lockFile 41fd15f5-4911-0-14912127330899239-package tar:///var/folders/wb/cw3qw7w16sx0k4h0qxwq0cr0lr0956/T/npm-5205-_Uogkz1r/1450195124911-0.14912127330899239/package
176 silly lockFile 41fd15f5-4911-0-14912127330899239-package tar:///var/folders/wb/cw3qw7w16sx0k4h0qxwq0cr0lr0956/T/npm-5205-_Uogkz1r/1450195124911-0.14912127330899239/package
177 silly lockFile 4fe8b76b--npm-grunt-cli-0-1-6-package-tgz tar:///Users/kcorkan/.npm/grunt-cli/0.1.6/package.tgz
178 silly lockFile 4fe8b76b--npm-grunt-cli-0-1-6-package-tgz tar:///Users/kcorkan/.npm/grunt-cli/0.1.6/package.tgz
179 silly lockFile 6261f77b-rkan-npm-grunt-cli-0-1-6-package /Users/kcorkan/.npm/grunt-cli/0.1.6/package
180 verbose lock /Users/kcorkan/.npm/grunt-cli/0.1.6/package /Users/kcorkan/.npm/6261f77b-rkan-npm-grunt-cli-0-1-6-package.lock
181 silly lockFile 6261f77b-rkan-npm-grunt-cli-0-1-6-package /Users/kcorkan/.npm/grunt-cli/0.1.6/package
182 silly lockFile 6261f77b-rkan-npm-grunt-cli-0-1-6-package /Users/kcorkan/.npm/grunt-cli/0.1.6/package
183 verbose tar unpack /Users/kcorkan/.npm/grunt-cli/0.1.6/package.tgz
184 silly lockFile 750619e5-rkan-npm-grunt-cli-0-1-6-package tar:///Users/kcorkan/.npm/grunt-cli/0.1.6/package
185 verbose lock tar:///Users/kcorkan/.npm/grunt-cli/0.1.6/package /Users/kcorkan/.npm/750619e5-rkan-npm-grunt-cli-0-1-6-package.lock
186 silly lockFile 4fe8b76b--npm-grunt-cli-0-1-6-package-tgz tar:///Users/kcorkan/.npm/grunt-cli/0.1.6/package.tgz
187 verbose lock tar:///Users/kcorkan/.npm/grunt-cli/0.1.6/package.tgz /Users/kcorkan/.npm/4fe8b76b--npm-grunt-cli-0-1-6-package-tgz.lock
188 silly gunzTarPerm modes [ '755', '644' ]
189 silly gunzTarPerm extractEntry package.json
190 silly gunzTarPerm extractEntry .npmignore
191 silly gunzTarPerm extractEntry README.md
192 silly gunzTarPerm extractEntry Gruntfile.js
193 silly gunzTarPerm extractEntry .travis.yml
194 silly gunzTarPerm extractEntry AUTHORS
195 silly gunzTarPerm extractEntry LICENSE-MIT
196 silly gunzTarPerm extractEntry bin/grunt
197 silly gunzTarPerm extractEntry completion/bash
198 silly gunzTarPerm extractEntry lib/cli.js
199 silly gunzTarPerm extractEntry lib/completion.js
200 silly gunzTarPerm extractEntry lib/info.js
201 silly lockFile 750619e5-rkan-npm-grunt-cli-0-1-6-package tar:///Users/kcorkan/.npm/grunt-cli/0.1.6/package
202 silly lockFile 750619e5-rkan-npm-grunt-cli-0-1-6-package tar:///Users/kcorkan/.npm/grunt-cli/0.1.6/package
203 silly lockFile 4fe8b76b--npm-grunt-cli-0-1-6-package-tgz tar:///Users/kcorkan/.npm/grunt-cli/0.1.6/package.tgz
204 silly lockFile 4fe8b76b--npm-grunt-cli-0-1-6-package-tgz tar:///Users/kcorkan/.npm/grunt-cli/0.1.6/package.tgz
205 verbose chmod /Users/kcorkan/.npm/grunt-cli/0.1.6/package.tgz 644
206 verbose chown /Users/kcorkan/.npm/grunt-cli/0.1.6/package.tgz [ 662709414, 20 ]
207 silly lockFile c8f06e91-rg-grunt-cli-grunt-cli-0-1-6-tgz https://registry.npmjs.org/grunt-cli/-/grunt-cli-0.1.6.tgz
208 silly lockFile c8f06e91-rg-grunt-cli-grunt-cli-0-1-6-tgz https://registry.npmjs.org/grunt-cli/-/grunt-cli-0.1.6.tgz
209 silly lockFile dc8a40ae-grunt-cli-0-1-6 grunt-cli@0.1.6
210 silly lockFile dc8a40ae-grunt-cli-0-1-6 grunt-cli@0.1.6
211 http 200 https://registry.npmjs.org/grunt-contrib-uglify/-/grunt-contrib-uglify-0.3.2.tgz
212 verbose tar unpack /var/folders/wb/cw3qw7w16sx0k4h0qxwq0cr0lr0956/T/npm-5205-_Uogkz1r/1450195124918-0.29944519186392426/tmp.tgz
213 silly lockFile 97e5a8d8-4918-0-29944519186392426-package tar:///var/folders/wb/cw3qw7w16sx0k4h0qxwq0cr0lr0956/T/npm-5205-_Uogkz1r/1450195124918-0.29944519186392426/package
214 verbose lock tar:///var/folders/wb/cw3qw7w16sx0k4h0qxwq0cr0lr0956/T/npm-5205-_Uogkz1r/1450195124918-0.29944519186392426/package /Users/kcorkan/.npm/97e5a8d8-4918-0-29944519186392426-package.lock
215 silly lockFile 33093d4c-4918-0-29944519186392426-tmp-tgz tar:///var/folders/wb/cw3qw7w16sx0k4h0qxwq0cr0lr0956/T/npm-5205-_Uogkz1r/1450195124918-0.29944519186392426/tmp.tgz
216 verbose lock tar:///var/folders/wb/cw3qw7w16sx0k4h0qxwq0cr0lr0956/T/npm-5205-_Uogkz1r/1450195124918-0.29944519186392426/tmp.tgz /Users/kcorkan/.npm/33093d4c-4918-0-29944519186392426-tmp-tgz.lock
217 silly gunzTarPerm modes [ '755', '644' ]
218 silly gunzTarPerm extractEntry package.json
219 silly gunzTarPerm extractEntry README.md
220 silly gunzTarPerm extractEntry LICENSE-MIT
221 silly gunzTarPerm extractEntry tasks/uglify.js
222 silly gunzTarPerm extractEntry tasks/lib/uglify.js
223 silly lockFile 97e5a8d8-4918-0-29944519186392426-package tar:///var/folders/wb/cw3qw7w16sx0k4h0qxwq0cr0lr0956/T/npm-5205-_Uogkz1r/1450195124918-0.29944519186392426/package
224 silly lockFile 97e5a8d8-4918-0-29944519186392426-package tar:///var/folders/wb/cw3qw7w16sx0k4h0qxwq0cr0lr0956/T/npm-5205-_Uogkz1r/1450195124918-0.29944519186392426/package
225 silly lockFile 33093d4c-4918-0-29944519186392426-tmp-tgz tar:///var/folders/wb/cw3qw7w16sx0k4h0qxwq0cr0lr0956/T/npm-5205-_Uogkz1r/1450195124918-0.29944519186392426/tmp.tgz
226 silly lockFile 33093d4c-4918-0-29944519186392426-tmp-tgz tar:///var/folders/wb/cw3qw7w16sx0k4h0qxwq0cr0lr0956/T/npm-5205-_Uogkz1r/1450195124918-0.29944519186392426/tmp.tgz
227 verbose tar pack [ '/Users/kcorkan/.npm/grunt-contrib-uglify/0.3.2/package.tgz',
227 verbose tar pack   '/var/folders/wb/cw3qw7w16sx0k4h0qxwq0cr0lr0956/T/npm-5205-_Uogkz1r/1450195124918-0.29944519186392426/package' ]
228 verbose tarball /Users/kcorkan/.npm/grunt-contrib-uglify/0.3.2/package.tgz
229 verbose folder /var/folders/wb/cw3qw7w16sx0k4h0qxwq0cr0lr0956/T/npm-5205-_Uogkz1r/1450195124918-0.29944519186392426/package
230 silly lockFile 97e5a8d8-4918-0-29944519186392426-package tar:///var/folders/wb/cw3qw7w16sx0k4h0qxwq0cr0lr0956/T/npm-5205-_Uogkz1r/1450195124918-0.29944519186392426/package
231 verbose lock tar:///var/folders/wb/cw3qw7w16sx0k4h0qxwq0cr0lr0956/T/npm-5205-_Uogkz1r/1450195124918-0.29944519186392426/package /Users/kcorkan/.npm/97e5a8d8-4918-0-29944519186392426-package.lock
232 silly lockFile f59a3932-contrib-uglify-0-3-2-package-tgz tar:///Users/kcorkan/.npm/grunt-contrib-uglify/0.3.2/package.tgz
233 verbose lock tar:///Users/kcorkan/.npm/grunt-contrib-uglify/0.3.2/package.tgz /Users/kcorkan/.npm/f59a3932-contrib-uglify-0-3-2-package-tgz.lock
234 silly lockFile 97e5a8d8-4918-0-29944519186392426-package tar:///var/folders/wb/cw3qw7w16sx0k4h0qxwq0cr0lr0956/T/npm-5205-_Uogkz1r/1450195124918-0.29944519186392426/package
235 silly lockFile 97e5a8d8-4918-0-29944519186392426-package tar:///var/folders/wb/cw3qw7w16sx0k4h0qxwq0cr0lr0956/T/npm-5205-_Uogkz1r/1450195124918-0.29944519186392426/package
236 silly lockFile f59a3932-contrib-uglify-0-3-2-package-tgz tar:///Users/kcorkan/.npm/grunt-contrib-uglify/0.3.2/package.tgz
237 silly lockFile f59a3932-contrib-uglify-0-3-2-package-tgz tar:///Users/kcorkan/.npm/grunt-contrib-uglify/0.3.2/package.tgz
238 silly lockFile 06ea0cf0-unt-contrib-uglify-0-3-2-package /Users/kcorkan/.npm/grunt-contrib-uglify/0.3.2/package
239 verbose lock /Users/kcorkan/.npm/grunt-contrib-uglify/0.3.2/package /Users/kcorkan/.npm/06ea0cf0-unt-contrib-uglify-0-3-2-package.lock
240 silly lockFile 06ea0cf0-unt-contrib-uglify-0-3-2-package /Users/kcorkan/.npm/grunt-contrib-uglify/0.3.2/package
241 silly lockFile 06ea0cf0-unt-contrib-uglify-0-3-2-package /Users/kcorkan/.npm/grunt-contrib-uglify/0.3.2/package
242 verbose tar unpack /Users/kcorkan/.npm/grunt-contrib-uglify/0.3.2/package.tgz
243 silly lockFile 9d29a178-unt-contrib-uglify-0-3-2-package tar:///Users/kcorkan/.npm/grunt-contrib-uglify/0.3.2/package
244 verbose lock tar:///Users/kcorkan/.npm/grunt-contrib-uglify/0.3.2/package /Users/kcorkan/.npm/9d29a178-unt-contrib-uglify-0-3-2-package.lock
245 silly lockFile f59a3932-contrib-uglify-0-3-2-package-tgz tar:///Users/kcorkan/.npm/grunt-contrib-uglify/0.3.2/package.tgz
246 verbose lock tar:///Users/kcorkan/.npm/grunt-contrib-uglify/0.3.2/package.tgz /Users/kcorkan/.npm/f59a3932-contrib-uglify-0-3-2-package-tgz.lock
247 silly gunzTarPerm modes [ '755', '644' ]
248 silly gunzTarPerm extractEntry package.json
249 silly gunzTarPerm extractEntry README.md
250 silly gunzTarPerm extractEntry LICENSE-MIT
251 silly gunzTarPerm extractEntry tasks/uglify.js
252 silly gunzTarPerm extractEntry tasks/lib/uglify.js
253 silly lockFile 9d29a178-unt-contrib-uglify-0-3-2-package tar:///Users/kcorkan/.npm/grunt-contrib-uglify/0.3.2/package
254 silly lockFile 9d29a178-unt-contrib-uglify-0-3-2-package tar:///Users/kcorkan/.npm/grunt-contrib-uglify/0.3.2/package
255 silly lockFile f59a3932-contrib-uglify-0-3-2-package-tgz tar:///Users/kcorkan/.npm/grunt-contrib-uglify/0.3.2/package.tgz
256 silly lockFile f59a3932-contrib-uglify-0-3-2-package-tgz tar:///Users/kcorkan/.npm/grunt-contrib-uglify/0.3.2/package.tgz
257 verbose chmod /Users/kcorkan/.npm/grunt-contrib-uglify/0.3.2/package.tgz 644
258 verbose chown /Users/kcorkan/.npm/grunt-contrib-uglify/0.3.2/package.tgz [ 662709414, 20 ]
259 silly lockFile f9eaf965-y-grunt-contrib-uglify-0-3-2-tgz https://registry.npmjs.org/grunt-contrib-uglify/-/grunt-contrib-uglify-0.3.2.tgz
260 silly lockFile f9eaf965-y-grunt-contrib-uglify-0-3-2-tgz https://registry.npmjs.org/grunt-contrib-uglify/-/grunt-contrib-uglify-0.3.2.tgz
261 silly lockFile 9a3ea55c-grunt-contrib-uglify-0-3-2 grunt-contrib-uglify@0.3.2
262 silly lockFile 9a3ea55c-grunt-contrib-uglify-0-3-2 grunt-contrib-uglify@0.3.2
263 verbose tar unpack /var/folders/wb/cw3qw7w16sx0k4h0qxwq0cr0lr0956/T/npm-5205-_Uogkz1r/1450195125443-0.012653514510020614/tmp.tgz
264 silly lockFile 6e6fa6a3-443-0-012653514510020614-package tar:///var/folders/wb/cw3qw7w16sx0k4h0qxwq0cr0lr0956/T/npm-5205-_Uogkz1r/1450195125443-0.012653514510020614/package
265 verbose lock tar:///var/folders/wb/cw3qw7w16sx0k4h0qxwq0cr0lr0956/T/npm-5205-_Uogkz1r/1450195125443-0.012653514510020614/package /Users/kcorkan/.npm/6e6fa6a3-443-0-012653514510020614-package.lock
266 silly lockFile 4cdd3eac-443-0-012653514510020614-tmp-tgz tar:///var/folders/wb/cw3qw7w16sx0k4h0qxwq0cr0lr0956/T/npm-5205-_Uogkz1r/1450195125443-0.012653514510020614/tmp.tgz
267 verbose lock tar:///var/folders/wb/cw3qw7w16sx0k4h0qxwq0cr0lr0956/T/npm-5205-_Uogkz1r/1450195125443-0.012653514510020614/tmp.tgz /Users/kcorkan/.npm/4cdd3eac-443-0-012653514510020614-tmp-tgz.lock
268 silly gunzTarPerm modes [ '755', '644' ]
269 silly gunzTarPerm extractEntry package.json
270 silly gunzTarPerm extractEntry .npmignore
271 silly gunzTarPerm extractEntry README.md
272 silly gunzTarPerm extractEntry LICENSE
273 silly gunzTarPerm extractEntry underscore-min.js
274 silly gunzTarPerm extractEntry underscore.js
275 silly gunzTarPerm extractEntry index.js
276 silly gunzTarPerm extractEntry .travis.yml
277 silly gunzTarPerm extractEntry index.html
278 silly gunzTarPerm extractEntry favicon.ico
279 silly gunzTarPerm extractEntry CONTRIBUTING.md
280 silly gunzTarPerm extractEntry CNAME
281 silly lockFile 6e6fa6a3-443-0-012653514510020614-package tar:///var/folders/wb/cw3qw7w16sx0k4h0qxwq0cr0lr0956/T/npm-5205-_Uogkz1r/1450195125443-0.012653514510020614/package
282 silly lockFile 6e6fa6a3-443-0-012653514510020614-package tar:///var/folders/wb/cw3qw7w16sx0k4h0qxwq0cr0lr0956/T/npm-5205-_Uogkz1r/1450195125443-0.012653514510020614/package
283 silly lockFile 4cdd3eac-443-0-012653514510020614-tmp-tgz tar:///var/folders/wb/cw3qw7w16sx0k4h0qxwq0cr0lr0956/T/npm-5205-_Uogkz1r/1450195125443-0.012653514510020614/tmp.tgz
284 silly lockFile 4cdd3eac-443-0-012653514510020614-tmp-tgz tar:///var/folders/wb/cw3qw7w16sx0k4h0qxwq0cr0lr0956/T/npm-5205-_Uogkz1r/1450195125443-0.012653514510020614/tmp.tgz
285 verbose tar pack [ '/Users/kcorkan/.npm/underscore/1.4.4/package.tgz',
285 verbose tar pack   '/var/folders/wb/cw3qw7w16sx0k4h0qxwq0cr0lr0956/T/npm-5205-_Uogkz1r/1450195125443-0.012653514510020614/package' ]
286 verbose tarball /Users/kcorkan/.npm/underscore/1.4.4/package.tgz
287 verbose folder /var/folders/wb/cw3qw7w16sx0k4h0qxwq0cr0lr0956/T/npm-5205-_Uogkz1r/1450195125443-0.012653514510020614/package
288 silly lockFile 6e6fa6a3-443-0-012653514510020614-package tar:///var/folders/wb/cw3qw7w16sx0k4h0qxwq0cr0lr0956/T/npm-5205-_Uogkz1r/1450195125443-0.012653514510020614/package
289 verbose lock tar:///var/folders/wb/cw3qw7w16sx0k4h0qxwq0cr0lr0956/T/npm-5205-_Uogkz1r/1450195125443-0.012653514510020614/package /Users/kcorkan/.npm/6e6fa6a3-443-0-012653514510020614-package.lock
290 silly lockFile c0ca85b1-npm-underscore-1-4-4-package-tgz tar:///Users/kcorkan/.npm/underscore/1.4.4/package.tgz
291 verbose lock tar:///Users/kcorkan/.npm/underscore/1.4.4/package.tgz /Users/kcorkan/.npm/c0ca85b1-npm-underscore-1-4-4-package-tgz.lock
292 silly lockFile 6e6fa6a3-443-0-012653514510020614-package tar:///var/folders/wb/cw3qw7w16sx0k4h0qxwq0cr0lr0956/T/npm-5205-_Uogkz1r/1450195125443-0.012653514510020614/package
293 silly lockFile 6e6fa6a3-443-0-012653514510020614-package tar:///var/folders/wb/cw3qw7w16sx0k4h0qxwq0cr0lr0956/T/npm-5205-_Uogkz1r/1450195125443-0.012653514510020614/package
294 silly lockFile c0ca85b1-npm-underscore-1-4-4-package-tgz tar:///Users/kcorkan/.npm/underscore/1.4.4/package.tgz
295 silly lockFile c0ca85b1-npm-underscore-1-4-4-package-tgz tar:///Users/kcorkan/.npm/underscore/1.4.4/package.tgz
296 silly lockFile e701dcf4-kan-npm-underscore-1-4-4-package /Users/kcorkan/.npm/underscore/1.4.4/package
297 verbose lock /Users/kcorkan/.npm/underscore/1.4.4/package /Users/kcorkan/.npm/e701dcf4-kan-npm-underscore-1-4-4-package.lock
298 silly lockFile e701dcf4-kan-npm-underscore-1-4-4-package /Users/kcorkan/.npm/underscore/1.4.4/package
299 silly lockFile e701dcf4-kan-npm-underscore-1-4-4-package /Users/kcorkan/.npm/underscore/1.4.4/package
300 verbose tar unpack /Users/kcorkan/.npm/underscore/1.4.4/package.tgz
301 silly lockFile 82af4ee6-kan-npm-underscore-1-4-4-package tar:///Users/kcorkan/.npm/underscore/1.4.4/package
302 verbose lock tar:///Users/kcorkan/.npm/underscore/1.4.4/package /Users/kcorkan/.npm/82af4ee6-kan-npm-underscore-1-4-4-package.lock
303 silly lockFile c0ca85b1-npm-underscore-1-4-4-package-tgz tar:///Users/kcorkan/.npm/underscore/1.4.4/package.tgz
304 verbose lock tar:///Users/kcorkan/.npm/underscore/1.4.4/package.tgz /Users/kcorkan/.npm/c0ca85b1-npm-underscore-1-4-4-package-tgz.lock
305 silly gunzTarPerm modes [ '755', '644' ]
306 silly gunzTarPerm extractEntry package.json
307 silly gunzTarPerm extractEntry .npmignore
308 silly gunzTarPerm extractEntry README.md
309 silly gunzTarPerm extractEntry LICENSE
310 silly gunzTarPerm extractEntry underscore-min.js
311 silly gunzTarPerm extractEntry index.js
312 silly gunzTarPerm extractEntry underscore.js
313 silly gunzTarPerm extractEntry index.html
314 silly gunzTarPerm extractEntry .travis.yml
315 silly gunzTarPerm extractEntry CONTRIBUTING.md
316 silly gunzTarPerm extractEntry CNAME
317 silly gunzTarPerm extractEntry favicon.ico
318 silly lockFile 82af4ee6-kan-npm-underscore-1-4-4-package tar:///Users/kcorkan/.npm/underscore/1.4.4/package
319 silly lockFile 82af4ee6-kan-npm-underscore-1-4-4-package tar:///Users/kcorkan/.npm/underscore/1.4.4/package
320 silly lockFile c0ca85b1-npm-underscore-1-4-4-package-tgz tar:///Users/kcorkan/.npm/underscore/1.4.4/package.tgz
321 silly lockFile c0ca85b1-npm-underscore-1-4-4-package-tgz tar:///Users/kcorkan/.npm/underscore/1.4.4/package.tgz
322 verbose chmod /Users/kcorkan/.npm/underscore/1.4.4/package.tgz 644
323 verbose chown /Users/kcorkan/.npm/underscore/1.4.4/package.tgz [ 662709414, 20 ]
324 silly lockFile 91efdde3--underscore-underscore-1-4-4-tgz https://registry.npmjs.org/underscore/-/underscore-1.4.4.tgz
325 silly lockFile 91efdde3--underscore-underscore-1-4-4-tgz https://registry.npmjs.org/underscore/-/underscore-1.4.4.tgz
326 silly lockFile c6b5e825-underscore-1-4-4 underscore@1.4.4
327 silly lockFile c6b5e825-underscore-1-4-4 underscore@1.4.4
328 error git fetch -a origin (git://github.com/rockwood/grunt-templater.git) fatal: unable to connect to github.com:
328 error git fetch -a origin (git://github.com/rockwood/grunt-templater.git) github.com[0: 192.30.252.129]: errno=Operation timed out
329 silly lockFile e646b1ec-com-rockwood-grunt-templater-git git://github.com/rockwood/grunt-templater.git
330 silly lockFile e646b1ec-com-rockwood-grunt-templater-git git://github.com/rockwood/grunt-templater.git
331 error Error: Command failed: fatal: unable to connect to github.com:
331 error github.com[0: 192.30.252.129]: errno=Operation timed out
331 error
331 error
331 error     at ChildProcess.exithandler (child_process.js:637:15)
331 error     at ChildProcess.EventEmitter.emit (events.js:98:17)
331 error     at maybeClose (child_process.js:743:16)
331 error     at Socket.<anonymous> (child_process.js:956:11)
331 error     at Socket.EventEmitter.emit (events.js:95:17)
331 error     at Pipe.close (net.js:465:12)
332 error If you need help, you may report this *entire* log,
332 error including the npm and node versions, at:
332 error     <http://github.com/npm/npm/issues>
333 error System Darwin 14.5.0
334 error command "node" "/usr/local/bin/npm" "install"
335 error cwd /Users/kcorkan/apps/apps-2015/2d-matrix-grid
336 error node -v v0.10.26
337 error npm -v 1.4.3
338 error code 128
339 verbose exit [ 1, true ]
